<?xml version="1.0" encoding="UTF-8"?>
<!-- Generated by org.testng.reporters.JUnitReportReporter -->
<testsuite hostname="TA0134-Vikas" name="tests.domeTests" tests="1" failures="0" timestamp="10 Oct 2022 08:28:39 GMT" time="2.628" errors="0">
  <testcase name="testone" time="2.628" classname="tests.domeTests"/>
</testsuite> <!-- tests.domeTests -->
